self=$$;  ( mysqldump --single-transaction --quick --lock-tables=false -u _da71b8b0c98e2dad -p********** _da71b8b0c98e2dad -h 127.0.0.1 -P 3306   || kill $self )  | /usr/bin/gzip >> ./zkee.com/private/backups/20230322_180005-zkee_com-database.sql.gz

Backup Summary for zkee.com at 2023-03-22 18:00:13.770286
Config  : ./zkee.com/private/backups/20230322_180005-zkee_com-site_config_backup.json 180.0B
Database: ./zkee.com/private/backups/20230322_180005-zkee_com-database.sql.gz         1.8MiB
Backup for Site zkee.com has been successfully completed
self=$$;  ( mysqldump --single-transaction --quick --lock-tables=false -u _da71b8b0c98e2dad -p********** _da71b8b0c98e2dad -h 127.0.0.1 -P 3306   || kill $self )  | /usr/bin/gzip >> ./zkee.com/private/backups/20230323_120005-zkee_com-database.sql.gz

Backup Summary for zkee.com at 2023-03-23 12:00:38.447721
Config  : ./zkee.com/private/backups/20230323_120005-zkee_com-site_config_backup.json 180.0B
Database: ./zkee.com/private/backups/20230323_120005-zkee_com-database.sql.gz         1.8MiB
Backup for Site zkee.com has been successfully completed
self=$$;  ( mysqldump --single-transaction --quick --lock-tables=false -u _da71b8b0c98e2dad -p********** _da71b8b0c98e2dad -h 127.0.0.1 -P 3306   || kill $self )  | /usr/bin/gzip >> ./zkee.com/private/backups/20230323_180003-zkee_com-database.sql.gz

Backup Summary for zkee.com at 2023-03-23 18:00:36.366845
Config  : ./zkee.com/private/backups/20230323_180003-zkee_com-site_config_backup.json 180.0B
Database: ./zkee.com/private/backups/20230323_180003-zkee_com-database.sql.gz         1.9MiB
Backup for Site zkee.com has been successfully completed
self=$$;  ( mysqldump --single-transaction --quick --lock-tables=false -u _da71b8b0c98e2dad -p********** _da71b8b0c98e2dad -h 127.0.0.1 -P 3306   || kill $self )  | /usr/bin/gzip >> ./zkee.com/private/backups/20230324_120019-zkee_com-database.sql.gz

Backup Summary for zkee.com at 2023-03-24 12:00:31.512384
Config  : ./zkee.com/private/backups/20230324_120019-zkee_com-site_config_backup.json 180.0B
Database: ./zkee.com/private/backups/20230324_120019-zkee_com-database.sql.gz         1.9MiB
Backup for Site zkee.com has been successfully completed
self=$$;  ( mysqldump --single-transaction --quick --lock-tables=false -u _da71b8b0c98e2dad -p********** _da71b8b0c98e2dad -h 127.0.0.1 -P 3306   || kill $self )  | /usr/bin/gzip >> ./zkee.com/private/backups/20230324_180024-zkee_com-database.sql.gz

Backup Summary for zkee.com at 2023-03-24 18:00:31.353744
Config  : ./zkee.com/private/backups/20230324_180024-zkee_com-site_config_backup.json 180.0B
Database: ./zkee.com/private/backups/20230324_180024-zkee_com-database.sql.gz         1.9MiB
Backup for Site zkee.com has been successfully completed
self=$$;  ( mysqldump --single-transaction --quick --lock-tables=false -u _da71b8b0c98e2dad -p********** _da71b8b0c98e2dad -h 127.0.0.1 -P 3306   || kill $self )  | /usr/bin/gzip >> ./zkee.com/private/backups/20230325_000005-zkee_com-database.sql.gz

Backup Summary for zkee.com at 2023-03-25 00:00:23.009125
Config  : ./zkee.com/private/backups/20230325_000005-zkee_com-site_config_backup.json 180.0B
Database: ./zkee.com/private/backups/20230325_000005-zkee_com-database.sql.gz         1.9MiB
Backup for Site zkee.com has been successfully completed
self=$$;  ( mysqldump --single-transaction --quick --lock-tables=false -u _da71b8b0c98e2dad -p********** _da71b8b0c98e2dad -h 127.0.0.1 -P 3306   || kill $self )  | /usr/bin/gzip >> ./zkee.com/private/backups/20230325_060004-zkee_com-database.sql.gz

Backup Summary for zkee.com at 2023-03-25 06:00:12.249539
Config  : ./zkee.com/private/backups/20230325_060004-zkee_com-site_config_backup.json 180.0B
Database: ./zkee.com/private/backups/20230325_060004-zkee_com-database.sql.gz         1.9MiB
Backup for Site zkee.com has been successfully completed
self=$$;  ( mysqldump --single-transaction --quick --lock-tables=false -u _da71b8b0c98e2dad -p********** _da71b8b0c98e2dad -h 127.0.0.1 -P 3306   || kill $self )  | /usr/bin/gzip >> ./zkee.com/private/backups/20230325_120029-zkee_com-database.sql.gz

Backup Summary for zkee.com at 2023-03-25 12:02:01.953011
Config  : ./zkee.com/private/backups/20230325_120029-zkee_com-site_config_backup.json 180.0B
Database: ./zkee.com/private/backups/20230325_120029-zkee_com-database.sql.gz         1.9MiB
Backup for Site zkee.com has been successfully completed
self=$$;  ( mysqldump --single-transaction --quick --lock-tables=false -u _da71b8b0c98e2dad -p********** _da71b8b0c98e2dad -h 127.0.0.1 -P 3306   || kill $self )  | /usr/bin/gzip >> ./zkee.com/private/backups/20230325_180010-zkee_com-database.sql.gz

Backup Summary for zkee.com at 2023-03-25 18:01:45.971116
Config  : ./zkee.com/private/backups/20230325_180010-zkee_com-site_config_backup.json 180.0B
Database: ./zkee.com/private/backups/20230325_180010-zkee_com-database.sql.gz         2.0MiB
Backup for Site zkee.com has been successfully completed
self=$$;  ( mysqldump --single-transaction --quick --lock-tables=false -u _da71b8b0c98e2dad -p********** _da71b8b0c98e2dad -h 127.0.0.1 -P 3306   || kill $self )  | /usr/bin/gzip >> ./zkee.com/private/backups/20230326_000037-zkee_com-database.sql.gz

Backup Summary for zkee.com at 2023-03-26 00:03:38.867322
Config  : ./zkee.com/private/backups/20230326_000037-zkee_com-site_config_backup.json 180.0B
Database: ./zkee.com/private/backups/20230326_000037-zkee_com-database.sql.gz         2.0MiB
Backup for Site zkee.com has been successfully completed
self=$$;  ( mysqldump --single-transaction --quick --lock-tables=false -u _da71b8b0c98e2dad -p********** _da71b8b0c98e2dad -h 127.0.0.1 -P 3306   || kill $self )  | /usr/bin/gzip >> ./zkee.com/private/backups/20230326_060037-zkee_com-database.sql.gz

Backup Summary for zkee.com at 2023-03-26 06:02:46.498235
Config  : ./zkee.com/private/backups/20230326_060037-zkee_com-site_config_backup.json 180.0B
Database: ./zkee.com/private/backups/20230326_060037-zkee_com-database.sql.gz         2.0MiB
Backup for Site zkee.com has been successfully completed
self=$$;  ( mysqldump --single-transaction --quick --lock-tables=false -u _da71b8b0c98e2dad -p********** _da71b8b0c98e2dad -h 127.0.0.1 -P 3306   || kill $self )  | /usr/bin/gzip >> ./zkee.com/private/backups/20230326_120046-zkee_com-database.sql.gz

Backup Summary for zkee.com at 2023-03-26 12:02:49.216118
Config  : ./zkee.com/private/backups/20230326_120046-zkee_com-site_config_backup.json 180.0B
Database: ./zkee.com/private/backups/20230326_120046-zkee_com-database.sql.gz         2.0MiB
Backup for Site zkee.com has been successfully completed
self=$$;  ( mysqldump --single-transaction --quick --lock-tables=false -u _da71b8b0c98e2dad -p********** _da71b8b0c98e2dad -h 127.0.0.1 -P 3306   || kill $self )  | /usr/bin/gzip >> ./zkee.com/private/backups/20230326_180037-zkee_com-database.sql.gz

Backup Summary for zkee.com at 2023-03-26 18:02:32.798012
Config  : ./zkee.com/private/backups/20230326_180037-zkee_com-site_config_backup.json 180.0B
Database: ./zkee.com/private/backups/20230326_180037-zkee_com-database.sql.gz         2.0MiB
Backup for Site zkee.com has been successfully completed
self=$$;  ( mysqldump --single-transaction --quick --lock-tables=false -u _da71b8b0c98e2dad -p********** _da71b8b0c98e2dad -h 127.0.0.1 -P 3306   || kill $self )  | /usr/bin/gzip >> ./zkee.com/private/backups/20230327_000005-zkee_com-database.sql.gz

Backup Summary for zkee.com at 2023-03-27 00:00:09.168281
Config  : ./zkee.com/private/backups/20230327_000005-zkee_com-site_config_backup.json 180.0B
Database: ./zkee.com/private/backups/20230327_000005-zkee_com-database.sql.gz         2.0MiB
Backup for Site zkee.com has been successfully completed
self=$$;  ( mysqldump --single-transaction --quick --lock-tables=false -u _da71b8b0c98e2dad -p********** _da71b8b0c98e2dad -h 127.0.0.1 -P 3306   || kill $self )  | /usr/bin/gzip >> ./zkee.com/private/backups/20230327_060004-zkee_com-database.sql.gz

Backup Summary for zkee.com at 2023-03-27 06:00:14.404303
Config  : ./zkee.com/private/backups/20230327_060004-zkee_com-site_config_backup.json 180.0B
Database: ./zkee.com/private/backups/20230327_060004-zkee_com-database.sql.gz         2.0MiB
Backup for Site zkee.com has been successfully completed
self=$$;  ( mysqldump --single-transaction --quick --lock-tables=false -u _da71b8b0c98e2dad -p********** _da71b8b0c98e2dad -h 127.0.0.1 -P 3306   || kill $self )  | /usr/bin/gzip >> ./zkee.com/private/backups/20230327_120004-zkee_com-database.sql.gz

Backup Summary for zkee.com at 2023-03-27 12:00:09.368087
Config  : ./zkee.com/private/backups/20230327_120004-zkee_com-site_config_backup.json 180.0B
Database: ./zkee.com/private/backups/20230327_120004-zkee_com-database.sql.gz         2.0MiB
Backup for Site zkee.com has been successfully completed
self=$$;  ( mysqldump --single-transaction --quick --lock-tables=false -u _da71b8b0c98e2dad -p********** _da71b8b0c98e2dad -h 127.0.0.1 -P 3306   || kill $self )  | /usr/bin/gzip >> ./zkee.com/private/backups/20230327_180004-zkee_com-database.sql.gz

Backup Summary for zkee.com at 2023-03-27 18:00:08.670115
Config  : ./zkee.com/private/backups/20230327_180004-zkee_com-site_config_backup.json 180.0B
Database: ./zkee.com/private/backups/20230327_180004-zkee_com-database.sql.gz         2.0MiB
Backup for Site zkee.com has been successfully completed
self=$$;  ( mysqldump --single-transaction --quick --lock-tables=false -u _da71b8b0c98e2dad -p********** _da71b8b0c98e2dad -h 127.0.0.1 -P 3306   || kill $self )  | /usr/bin/gzip >> ./zkee.com/private/backups/20230328_000006-zkee_com-database.sql.gz

Backup Summary for zkee.com at 2023-03-28 00:00:11.708492
Config  : ./zkee.com/private/backups/20230328_000006-zkee_com-site_config_backup.json 180.0B
Database: ./zkee.com/private/backups/20230328_000006-zkee_com-database.sql.gz         2.0MiB
Backup for Site zkee.com has been successfully completed
self=$$;  ( mysqldump --single-transaction --quick --lock-tables=false -u _da71b8b0c98e2dad -p********** _da71b8b0c98e2dad -h 127.0.0.1 -P 3306   || kill $self )  | /usr/bin/gzip >> ./zkee.com/private/backups/20230328_060004-zkee_com-database.sql.gz

Backup Summary for zkee.com at 2023-03-28 06:00:08.741283
Config  : ./zkee.com/private/backups/20230328_060004-zkee_com-site_config_backup.json 180.0B
Database: ./zkee.com/private/backups/20230328_060004-zkee_com-database.sql.gz         2.0MiB
Backup for Site zkee.com has been successfully completed
self=$$;  ( mysqldump --single-transaction --quick --lock-tables=false -u _da71b8b0c98e2dad -p********** _da71b8b0c98e2dad -h 127.0.0.1 -P 3306   || kill $self )  | /usr/bin/gzip >> ./zkee.com/private/backups/20230328_120011-zkee_com-database.sql.gz

Backup Summary for zkee.com at 2023-03-28 12:01:47.064357
Config  : ./zkee.com/private/backups/20230328_120011-zkee_com-site_config_backup.json 180.0B
Database: ./zkee.com/private/backups/20230328_120011-zkee_com-database.sql.gz         2.0MiB
Backup for Site zkee.com has been successfully completed
self=$$;  ( mysqldump --single-transaction --quick --lock-tables=false -u _da71b8b0c98e2dad -p********** _da71b8b0c98e2dad -h 127.0.0.1 -P 3306   || kill $self )  | /usr/bin/gzip >> ./zkee.com/private/backups/20230328_180020-zkee_com-database.sql.gz

Backup Summary for zkee.com at 2023-03-28 18:02:08.779834
Config  : ./zkee.com/private/backups/20230328_180020-zkee_com-site_config_backup.json 180.0B
Database: ./zkee.com/private/backups/20230328_180020-zkee_com-database.sql.gz         2.1MiB
Backup for Site zkee.com has been successfully completed
self=$$;  ( mysqldump --single-transaction --quick --lock-tables=false -u _da71b8b0c98e2dad -p********** _da71b8b0c98e2dad -h 127.0.0.1 -P 3306   || kill $self )  | /usr/bin/gzip >> ./zkee.com/private/backups/20230329_000004-zkee_com-database.sql.gz

Backup Summary for zkee.com at 2023-03-29 00:00:13.653316
Config  : ./zkee.com/private/backups/20230329_000004-zkee_com-site_config_backup.json 180.0B
Database: ./zkee.com/private/backups/20230329_000004-zkee_com-database.sql.gz         2.1MiB
Backup for Site zkee.com has been successfully completed
self=$$;  ( mysqldump --single-transaction --quick --lock-tables=false -u _da71b8b0c98e2dad -p********** _da71b8b0c98e2dad -h 127.0.0.1 -P 3306   || kill $self )  | /usr/bin/gzip >> ./zkee.com/private/backups/20230329_060004-zkee_com-database.sql.gz

Backup Summary for zkee.com at 2023-03-29 06:00:08.723085
Config  : ./zkee.com/private/backups/20230329_060004-zkee_com-site_config_backup.json 180.0B
Database: ./zkee.com/private/backups/20230329_060004-zkee_com-database.sql.gz         2.1MiB
Backup for Site zkee.com has been successfully completed
self=$$;  ( mysqldump --single-transaction --quick --lock-tables=false -u _da71b8b0c98e2dad -p********** _da71b8b0c98e2dad -h 127.0.0.1 -P 3306   || kill $self )  | /usr/bin/gzip >> ./zkee.com/private/backups/20230329_120004-zkee_com-database.sql.gz

Backup Summary for zkee.com at 2023-03-29 12:00:10.142553
Config  : ./zkee.com/private/backups/20230329_120004-zkee_com-site_config_backup.json 180.0B
Database: ./zkee.com/private/backups/20230329_120004-zkee_com-database.sql.gz         2.1MiB
Backup for Site zkee.com has been successfully completed
self=$$;  ( mysqldump --single-transaction --quick --lock-tables=false -u _da71b8b0c98e2dad -p********** _da71b8b0c98e2dad -h 127.0.0.1 -P 3306   || kill $self )  | /usr/bin/gzip >> ./zkee.com/private/backups/20230329_180006-zkee_com-database.sql.gz

Backup Summary for zkee.com at 2023-03-29 18:00:19.451491
Config  : ./zkee.com/private/backups/20230329_180006-zkee_com-site_config_backup.json 180.0B
Database: ./zkee.com/private/backups/20230329_180006-zkee_com-database.sql.gz         2.2MiB
Backup for Site zkee.com has been successfully completed
self=$$;  ( mysqldump --single-transaction --quick --lock-tables=false -u _da71b8b0c98e2dad -p********** _da71b8b0c98e2dad -h 127.0.0.1 -P 3306   || kill $self )  | /usr/bin/gzip >> ./zkee.com/private/backups/20230330_120002-zkee_com-database.sql.gz

Backup Summary for zkee.com at 2023-03-30 12:00:21.351693
Config  : ./zkee.com/private/backups/20230330_120002-zkee_com-site_config_backup.json 180.0B
Database: ./zkee.com/private/backups/20230330_120002-zkee_com-database.sql.gz         2.2MiB
Backup for Site zkee.com has been successfully completed
self=$$;  ( mysqldump --single-transaction --quick --lock-tables=false -u _da71b8b0c98e2dad -p********** _da71b8b0c98e2dad -h 127.0.0.1 -P 3306   || kill $self )  | /usr/bin/gzip >> ./zkee.com/private/backups/20230330_180005-zkee_com-database.sql.gz

Backup Summary for zkee.com at 2023-03-30 18:00:16.608055
Config  : ./zkee.com/private/backups/20230330_180005-zkee_com-site_config_backup.json 180.0B
Database: ./zkee.com/private/backups/20230330_180005-zkee_com-database.sql.gz         2.3MiB
Backup for Site zkee.com has been successfully completed
self=$$;  ( mysqldump --single-transaction --quick --lock-tables=false -u _da71b8b0c98e2dad -p********** _da71b8b0c98e2dad -h 127.0.0.1 -P 3306   || kill $self )  | /usr/bin/gzip >> ./zkee.com/private/backups/20230331_120003-zkee_com-database.sql.gz

Backup Summary for zkee.com at 2023-03-31 12:00:22.540640
Config  : ./zkee.com/private/backups/20230331_120003-zkee_com-site_config_backup.json 180.0B
Database: ./zkee.com/private/backups/20230331_120003-zkee_com-database.sql.gz         2.3MiB
Backup for Site zkee.com has been successfully completed
self=$$;  ( mysqldump --single-transaction --quick --lock-tables=false -u _da71b8b0c98e2dad -p********** _da71b8b0c98e2dad -h 127.0.0.1 -P 3306   || kill $self )  | /usr/bin/gzip >> ./zkee.com/private/backups/20230331_180006-zkee_com-database.sql.gz

Backup Summary for zkee.com at 2023-03-31 18:00:36.783470
Config  : ./zkee.com/private/backups/20230331_180006-zkee_com-site_config_backup.json 180.0B
Database: ./zkee.com/private/backups/20230331_180006-zkee_com-database.sql.gz         2.4MiB
Backup for Site zkee.com has been successfully completed
self=$$;  ( mysqldump --single-transaction --quick --lock-tables=false -u _da71b8b0c98e2dad -p********** _da71b8b0c98e2dad -h 127.0.0.1 -P 3306   || kill $self )  | /usr/bin/gzip >> ./zkee.com/private/backups/20230403_120005-zkee_com-database.sql.gz

Backup Summary for zkee.com at 2023-04-03 12:00:20.129663
Config  : ./zkee.com/private/backups/20230403_120005-zkee_com-site_config_backup.json 180.0B
Database: ./zkee.com/private/backups/20230403_120005-zkee_com-database.sql.gz         2.4MiB
Backup for Site zkee.com has been successfully completed
self=$$;  ( mysqldump --single-transaction --quick --lock-tables=false -u _da71b8b0c98e2dad -p********** _da71b8b0c98e2dad -h 127.0.0.1 -P 3306   || kill $self )  | /usr/bin/gzip >> ./zkee.com/private/backups/20230403_180009-zkee_com-database.sql.gz

Backup Summary for zkee.com at 2023-04-03 18:00:28.804112
Config  : ./zkee.com/private/backups/20230403_180009-zkee_com-site_config_backup.json 180.0B
Database: ./zkee.com/private/backups/20230403_180009-zkee_com-database.sql.gz         2.5MiB
Backup for Site zkee.com has been successfully completed
self=$$;  ( mysqldump --single-transaction --quick --lock-tables=false -u _da71b8b0c98e2dad -p********** _da71b8b0c98e2dad -h 127.0.0.1 -P 3306   || kill $self )  | /usr/bin/gzip >> ./zkee.com/private/backups/20230404_120002-zkee_com-database.sql.gz

Backup Summary for zkee.com at 2023-04-04 12:00:25.999758
Config  : ./zkee.com/private/backups/20230404_120002-zkee_com-site_config_backup.json 180.0B
Database: ./zkee.com/private/backups/20230404_120002-zkee_com-database.sql.gz         2.5MiB
Backup for Site zkee.com has been successfully completed
self=$$;  ( mysqldump --single-transaction --quick --lock-tables=false -u _da71b8b0c98e2dad -p********** _da71b8b0c98e2dad -h 127.0.0.1 -P 3306   || kill $self )  | /usr/bin/gzip >> ./zkee.com/private/backups/20230404_180003-zkee_com-database.sql.gz

Backup Summary for zkee.com at 2023-04-04 18:00:21.821988
Config  : ./zkee.com/private/backups/20230404_180003-zkee_com-site_config_backup.json 180.0B
Database: ./zkee.com/private/backups/20230404_180003-zkee_com-database.sql.gz         2.7MiB
Backup for Site zkee.com has been successfully completed
self=$$;  ( mysqldump --single-transaction --quick --lock-tables=false -u _da71b8b0c98e2dad -p********** _da71b8b0c98e2dad -h 127.0.0.1 -P 3306   || kill $self )  | /usr/bin/gzip >> ./zkee.com/private/backups/20230405_120006-zkee_com-database.sql.gz

Backup Summary for zkee.com at 2023-04-05 12:03:04.669976
Config  : ./zkee.com/private/backups/20230405_120006-zkee_com-site_config_backup.json 180.0B
Database: ./zkee.com/private/backups/20230405_120006-zkee_com-database.sql.gz         2.7MiB
Backup for Site zkee.com has been successfully completed
self=$$;  ( mysqldump --single-transaction --quick --lock-tables=false -u _da71b8b0c98e2dad -p********** _da71b8b0c98e2dad -h 127.0.0.1 -P 3306   || kill $self )  | /usr/bin/gzip >> ./zkee.com/private/backups/20230405_180002-zkee_com-database.sql.gz

Backup Summary for zkee.com at 2023-04-05 18:00:46.123429
Config  : ./zkee.com/private/backups/20230405_180002-zkee_com-site_config_backup.json 180.0B
Database: ./zkee.com/private/backups/20230405_180002-zkee_com-database.sql.gz         2.7MiB
Backup for Site zkee.com has been successfully completed
self=$$;  ( mysqldump --single-transaction --quick --lock-tables=false -u _da71b8b0c98e2dad -p********** _da71b8b0c98e2dad -h 127.0.0.1 -P 3306   || kill $self )  | /usr/bin/gzip >> ./zkee.com/private/backups/20230406_120008-zkee_com-database.sql.gz

Backup Summary for zkee.com at 2023-04-06 12:00:21.916373
Config  : ./zkee.com/private/backups/20230406_120008-zkee_com-site_config_backup.json 180.0B
Database: ./zkee.com/private/backups/20230406_120008-zkee_com-database.sql.gz         2.7MiB
Backup for Site zkee.com has been successfully completed
