2023-04-06 11:57:05,681 DEBUG scheduler Queued events for site zkee.com
2023-04-06 11:58:05,892 DEBUG scheduler Queued events for site zkee.com
2023-04-06 11:59:06,119 DEBUG scheduler Queued events for site zkee.com
2023-04-06 12:00:06,312 INFO scheduler Scheduled Job Start: erpnext.hr.doctype.shift_type.shift_type.process_auto_attendance_for_all_shifts for zkee.com
2023-04-06 12:00:06,827 INFO scheduler Scheduled Job Complete: erpnext.hr.doctype.shift_type.shift_type.process_auto_attendance_for_all_shifts for zkee.com
2023-04-06 12:00:06,938 DEBUG scheduler Queued events for site zkee.com
2023-04-06 12:00:07,040 INFO scheduler Scheduled Job Start: erpnext.erpnext_integrations.connectors.shopify_connection.sync_old_orders for zkee.com
2023-04-06 12:00:07,954 INFO scheduler Scheduled Job Complete: erpnext.erpnext_integrations.connectors.shopify_connection.sync_old_orders for zkee.com
2023-04-06 12:00:08,295 INFO scheduler Scheduled Job Start: erpnext.support.doctype.issue.issue.set_service_level_agreement_variance for zkee.com
2023-04-06 12:00:09,730 INFO scheduler Scheduled Job Complete: erpnext.support.doctype.issue.issue.set_service_level_agreement_variance for zkee.com
2023-04-06 12:00:10,110 INFO scheduler Scheduled Job Start: erpnext.projects.doctype.project.project.collect_project_status for zkee.com
2023-04-06 12:00:10,653 INFO scheduler Scheduled Job Complete: erpnext.projects.doctype.project.project.collect_project_status for zkee.com
2023-04-06 12:00:10,838 INFO scheduler Scheduled Job Start: erpnext.projects.doctype.project.project.hourly_reminder for zkee.com
2023-04-06 12:00:11,362 INFO scheduler Scheduled Job Complete: erpnext.projects.doctype.project.project.hourly_reminder for zkee.com
2023-04-06 12:00:11,597 INFO scheduler Scheduled Job Start: erpnext.erpnext_integrations.doctype.plaid_settings.plaid_settings.automatic_synchronization for zkee.com
2023-04-06 12:00:12,074 INFO scheduler Scheduled Job Complete: erpnext.erpnext_integrations.doctype.plaid_settings.plaid_settings.automatic_synchronization for zkee.com
2023-04-06 12:00:12,254 INFO scheduler Scheduled Job Start: erpnext.erpnext_integrations.doctype.amazon_mws_settings.amazon_mws_settings.schedule_get_order_details for zkee.com
2023-04-06 12:00:12,879 INFO scheduler Scheduled Job Complete: erpnext.erpnext_integrations.doctype.amazon_mws_settings.amazon_mws_settings.schedule_get_order_details for zkee.com
2023-04-06 12:00:13,072 INFO scheduler Scheduled Job Start: erpnext.hr.doctype.daily_work_summary_group.daily_work_summary_group.trigger_emails for zkee.com
2023-04-06 12:00:13,504 INFO scheduler Scheduled Job Complete: erpnext.hr.doctype.daily_work_summary_group.daily_work_summary_group.trigger_emails for zkee.com
2023-04-06 12:00:13,708 INFO scheduler Scheduled Job Start: erpnext.crm.doctype.social_media_post.social_media_post.process_scheduled_social_media_posts for zkee.com
2023-04-06 12:00:14,012 INFO scheduler Scheduled Job Complete: erpnext.crm.doctype.social_media_post.social_media_post.process_scheduled_social_media_posts for zkee.com
2023-04-06 12:00:14,098 INFO scheduler Scheduled Job Start: erpnext.hr.doctype.interview.interview.send_interview_reminder for zkee.com
2023-04-06 12:00:14,452 INFO scheduler Scheduled Job Complete: erpnext.hr.doctype.interview.interview.send_interview_reminder for zkee.com
2023-04-06 12:00:14,522 INFO scheduler Scheduled Job Start: erpnext.healthcare.doctype.patient_appointment.patient_appointment.send_appointment_reminder for zkee.com
2023-04-06 12:00:14,820 INFO scheduler Scheduled Job Complete: erpnext.healthcare.doctype.patient_appointment.patient_appointment.send_appointment_reminder for zkee.com
2023-04-06 12:00:14,907 INFO scheduler Scheduled Job Start: erpnext.projects.doctype.project.project.project_status_update_reminder for zkee.com
2023-04-06 12:00:15,305 INFO scheduler Scheduled Job Complete: erpnext.projects.doctype.project.project.project_status_update_reminder for zkee.com
2023-04-06 12:00:15,385 INFO scheduler Scheduled Job Start: erpnext.utilities.doctype.video.video.update_youtube_data for zkee.com
2023-04-06 12:00:16,095 INFO scheduler Scheduled Job Complete: erpnext.utilities.doctype.video.video.update_youtube_data for zkee.com
2023-04-06 12:00:16,254 INFO scheduler Scheduled Job Start: erpnext.manufacturing.doctype.bom_update_log.bom_update_log.resume_bom_cost_update_jobs for zkee.com
2023-04-06 12:00:16,856 INFO scheduler Scheduled Job Complete: erpnext.manufacturing.doctype.bom_update_log.bom_update_log.resume_bom_cost_update_jobs for zkee.com
2023-04-06 12:00:17,131 INFO scheduler Scheduled Job Start: frappe.email.doctype.newsletter.newsletter.send_scheduled_email for zkee.com
2023-04-06 12:00:17,745 INFO scheduler Scheduled Job Complete: frappe.email.doctype.newsletter.newsletter.send_scheduled_email for zkee.com
2023-04-06 12:00:18,030 INFO scheduler Scheduled Job Start: frappe.integrations.doctype.google_calendar.google_calendar.sync for zkee.com
2023-04-06 12:00:19,254 INFO scheduler Scheduled Job Complete: frappe.integrations.doctype.google_calendar.google_calendar.sync for zkee.com
2023-04-06 12:00:19,477 INFO scheduler Scheduled Job Start: frappe.desk.form.document_follow.send_hourly_updates for zkee.com
2023-04-06 12:00:19,863 INFO scheduler Scheduled Job Complete: frappe.desk.form.document_follow.send_hourly_updates for zkee.com
2023-04-06 12:00:20,003 INFO scheduler Scheduled Job Start: frappe.deferred_insert.save_to_db for zkee.com
2023-04-06 12:00:20,916 INFO scheduler Scheduled Job Complete: frappe.deferred_insert.save_to_db for zkee.com
2023-04-06 12:00:21,200 INFO scheduler Scheduled Job Start: frappe.desk.page.backups.backups.delete_downloadable_backups for zkee.com
2023-04-06 12:00:21,709 INFO scheduler Scheduled Job Complete: frappe.desk.page.backups.backups.delete_downloadable_backups for zkee.com
2023-04-06 12:00:21,968 INFO scheduler Scheduled Job Start: frappe.utils.error.collect_error_snapshots for zkee.com
2023-04-06 12:00:22,812 INFO scheduler Scheduled Job Complete: frappe.utils.error.collect_error_snapshots for zkee.com
2023-04-06 12:00:23,008 INFO scheduler Scheduled Job Start: frappe.model.utils.user_settings.sync_user_settings for zkee.com
2023-04-06 12:00:23,452 INFO scheduler Scheduled Job Complete: frappe.model.utils.user_settings.sync_user_settings for zkee.com
2023-04-06 12:00:23,833 INFO scheduler Scheduled Job Start: frappe.model.utils.link_count.update_link_count for zkee.com
2023-04-06 12:00:24,504 INFO scheduler Scheduled Job Complete: frappe.model.utils.link_count.update_link_count for zkee.com
2023-04-06 12:00:24,764 INFO scheduler Scheduled Job Start: frappe.monitor.flush for zkee.com
2023-04-06 12:00:24,963 INFO scheduler Scheduled Job Complete: frappe.monitor.flush for zkee.com
2023-04-06 12:00:25,037 INFO scheduler Scheduled Job Start: frappe.utils.global_search.sync_global_search for zkee.com
2023-04-06 12:00:25,437 INFO scheduler Scheduled Job Complete: frappe.utils.global_search.sync_global_search for zkee.com
2023-04-06 12:00:25,502 INFO scheduler Scheduled Job Start: frappe.integrations.doctype.razorpay_settings.razorpay_settings.capture_payment for zkee.com
2023-04-06 12:00:26,062 INFO scheduler Scheduled Job Complete: frappe.integrations.doctype.razorpay_settings.razorpay_settings.capture_payment for zkee.com
2023-04-06 12:00:26,129 INFO scheduler Scheduled Job Start: frappe.email.doctype.email_account.email_account.notify_unreplied for zkee.com
2023-04-06 12:00:26,480 INFO scheduler Scheduled Job Complete: frappe.email.doctype.email_account.email_account.notify_unreplied for zkee.com
2023-04-06 12:00:26,551 INFO scheduler Scheduled Job Start: frappe.email.doctype.email_account.email_account.pull for zkee.com
2023-04-06 12:00:26,900 INFO scheduler Scheduled Job Complete: frappe.email.doctype.email_account.email_account.pull for zkee.com
2023-04-06 12:00:26,987 INFO scheduler Scheduled Job Start: frappe.email.queue.flush for zkee.com
2023-04-06 12:00:27,252 INFO scheduler Scheduled Job Complete: frappe.email.queue.flush for zkee.com
2023-04-06 12:00:27,335 INFO scheduler Scheduled Job Start: frappe.twofactor.delete_all_barcodes_for_users for zkee.com
2023-04-06 12:00:27,712 INFO scheduler Scheduled Job Complete: frappe.twofactor.delete_all_barcodes_for_users for zkee.com
2023-04-06 12:00:27,864 INFO scheduler Scheduled Job Start: frappe.website.doctype.web_page.web_page.check_publish_status for zkee.com
2023-04-06 12:00:28,291 INFO scheduler Scheduled Job Complete: frappe.website.doctype.web_page.web_page.check_publish_status for zkee.com
2023-04-06 12:00:28,457 INFO scheduler Scheduled Job Start: frappe.oauth.delete_oauth2_data for zkee.com
2023-04-06 12:00:28,961 INFO scheduler Scheduled Job Complete: frappe.oauth.delete_oauth2_data for zkee.com
2023-04-06 12:00:29,154 INFO scheduler Scheduled Job Start: erpnext.stock.doctype.repost_item_valuation.repost_item_valuation.repost_entries for zkee.com
2023-04-06 12:00:29,454 INFO scheduler Scheduled Job Complete: erpnext.stock.doctype.repost_item_valuation.repost_item_valuation.repost_entries for zkee.com
2023-04-06 12:00:29,602 INFO scheduler Scheduled Job Start: erpnext.accounts.doctype.subscription.subscription.process_all for zkee.com
2023-04-06 12:00:30,076 INFO scheduler Scheduled Job Complete: erpnext.accounts.doctype.subscription.subscription.process_all for zkee.com
2023-04-06 12:01:14,632 DEBUG scheduler Queued events for site zkee.com
2023-04-06 12:02:18,764 DEBUG scheduler Queued events for site zkee.com
2023-04-06 12:03:18,987 DEBUG scheduler Queued events for site zkee.com
2023-04-06 12:04:19,242 INFO scheduler Scheduled Job Start: erpnext.crm.doctype.social_media_post.social_media_post.process_scheduled_social_media_posts for zkee.com
2023-04-06 12:04:19,311 DEBUG scheduler Queued events for site zkee.com
2023-04-06 12:04:19,486 INFO scheduler Scheduled Job Complete: erpnext.crm.doctype.social_media_post.social_media_post.process_scheduled_social_media_posts for zkee.com
2023-04-06 12:04:19,553 INFO scheduler Scheduled Job Start: erpnext.hr.doctype.interview.interview.send_interview_reminder for zkee.com
2023-04-06 12:04:19,775 INFO scheduler Scheduled Job Complete: erpnext.hr.doctype.interview.interview.send_interview_reminder for zkee.com
2023-04-06 12:04:19,839 INFO scheduler Scheduled Job Start: erpnext.healthcare.doctype.patient_appointment.patient_appointment.send_appointment_reminder for zkee.com
2023-04-06 12:04:20,048 INFO scheduler Scheduled Job Complete: erpnext.healthcare.doctype.patient_appointment.patient_appointment.send_appointment_reminder for zkee.com
2023-04-06 12:04:20,132 INFO scheduler Scheduled Job Start: erpnext.projects.doctype.project.project.project_status_update_reminder for zkee.com
2023-04-06 12:04:20,528 INFO scheduler Scheduled Job Complete: erpnext.projects.doctype.project.project.project_status_update_reminder for zkee.com
2023-04-06 12:04:20,594 INFO scheduler Scheduled Job Start: frappe.monitor.flush for zkee.com
2023-04-06 12:04:20,761 INFO scheduler Scheduled Job Complete: frappe.monitor.flush for zkee.com
2023-04-06 12:04:20,828 INFO scheduler Scheduled Job Start: frappe.utils.global_search.sync_global_search for zkee.com
2023-04-06 12:04:21,003 INFO scheduler Scheduled Job Complete: frappe.utils.global_search.sync_global_search for zkee.com
2023-04-06 12:04:21,067 INFO scheduler Scheduled Job Start: frappe.integrations.doctype.razorpay_settings.razorpay_settings.capture_payment for zkee.com
2023-04-06 12:04:21,421 INFO scheduler Scheduled Job Complete: frappe.integrations.doctype.razorpay_settings.razorpay_settings.capture_payment for zkee.com
2023-04-06 12:04:21,513 INFO scheduler Scheduled Job Start: frappe.email.doctype.email_account.email_account.notify_unreplied for zkee.com
2023-04-06 12:04:21,794 INFO scheduler Scheduled Job Complete: frappe.email.doctype.email_account.email_account.notify_unreplied for zkee.com
2023-04-06 12:04:21,886 INFO scheduler Scheduled Job Start: frappe.email.doctype.email_account.email_account.pull for zkee.com
2023-04-06 12:04:22,147 INFO scheduler Scheduled Job Complete: frappe.email.doctype.email_account.email_account.pull for zkee.com
2023-04-06 12:04:22,209 INFO scheduler Scheduled Job Start: frappe.email.queue.flush for zkee.com
2023-04-06 12:04:22,515 INFO scheduler Scheduled Job Complete: frappe.email.queue.flush for zkee.com
2023-04-06 12:05:19,587 INFO scheduler Scheduled Job Start: erpnext.manufacturing.doctype.bom_update_log.bom_update_log.resume_bom_cost_update_jobs for zkee.com
2023-04-06 12:05:19,603 DEBUG scheduler Queued events for site zkee.com
2023-04-06 12:05:19,891 INFO scheduler Scheduled Job Complete: erpnext.manufacturing.doctype.bom_update_log.bom_update_log.resume_bom_cost_update_jobs for zkee.com
2023-04-06 12:06:19,872 DEBUG scheduler Queued events for site zkee.com
2023-04-06 12:07:20,098 DEBUG scheduler Queued events for site zkee.com
2023-04-06 12:08:20,357 INFO scheduler Scheduled Job Start: erpnext.crm.doctype.social_media_post.social_media_post.process_scheduled_social_media_posts for zkee.com
2023-04-06 12:08:20,436 DEBUG scheduler Queued events for site zkee.com
2023-04-06 12:08:20,602 INFO scheduler Scheduled Job Complete: erpnext.crm.doctype.social_media_post.social_media_post.process_scheduled_social_media_posts for zkee.com
2023-04-06 12:08:20,665 INFO scheduler Scheduled Job Start: erpnext.hr.doctype.interview.interview.send_interview_reminder for zkee.com
2023-04-06 12:08:20,956 INFO scheduler Scheduled Job Complete: erpnext.hr.doctype.interview.interview.send_interview_reminder for zkee.com
2023-04-06 12:08:21,019 INFO scheduler Scheduled Job Start: erpnext.healthcare.doctype.patient_appointment.patient_appointment.send_appointment_reminder for zkee.com
2023-04-06 12:08:21,198 INFO scheduler Scheduled Job Complete: erpnext.healthcare.doctype.patient_appointment.patient_appointment.send_appointment_reminder for zkee.com
2023-04-06 12:08:21,264 INFO scheduler Scheduled Job Start: erpnext.projects.doctype.project.project.project_status_update_reminder for zkee.com
2023-04-06 12:08:21,526 INFO scheduler Scheduled Job Complete: erpnext.projects.doctype.project.project.project_status_update_reminder for zkee.com
2023-04-06 12:08:21,600 INFO scheduler Scheduled Job Start: frappe.monitor.flush for zkee.com
2023-04-06 12:08:21,861 INFO scheduler Scheduled Job Complete: frappe.monitor.flush for zkee.com
2023-04-06 12:08:21,925 INFO scheduler Scheduled Job Start: frappe.utils.global_search.sync_global_search for zkee.com
2023-04-06 12:08:22,096 INFO scheduler Scheduled Job Complete: frappe.utils.global_search.sync_global_search for zkee.com
2023-04-06 12:08:22,162 INFO scheduler Scheduled Job Start: frappe.integrations.doctype.razorpay_settings.razorpay_settings.capture_payment for zkee.com
2023-04-06 12:08:22,348 INFO scheduler Scheduled Job Complete: frappe.integrations.doctype.razorpay_settings.razorpay_settings.capture_payment for zkee.com
2023-04-06 12:08:22,413 INFO scheduler Scheduled Job Start: frappe.email.doctype.email_account.email_account.notify_unreplied for zkee.com
2023-04-06 12:08:22,664 INFO scheduler Scheduled Job Complete: frappe.email.doctype.email_account.email_account.notify_unreplied for zkee.com
2023-04-06 12:08:22,737 INFO scheduler Scheduled Job Start: frappe.email.doctype.email_account.email_account.pull for zkee.com
2023-04-06 12:08:23,005 INFO scheduler Scheduled Job Complete: frappe.email.doctype.email_account.email_account.pull for zkee.com
2023-04-06 12:08:23,076 INFO scheduler Scheduled Job Start: frappe.email.queue.flush for zkee.com
2023-04-06 12:08:23,251 INFO scheduler Scheduled Job Complete: frappe.email.queue.flush for zkee.com
2023-04-06 12:09:20,713 DEBUG scheduler Queued events for site zkee.com
2023-04-06 12:10:20,956 INFO scheduler Scheduled Job Start: erpnext.manufacturing.doctype.bom_update_log.bom_update_log.resume_bom_cost_update_jobs for zkee.com
2023-04-06 12:10:20,960 DEBUG scheduler Queued events for site zkee.com
2023-04-06 12:10:21,229 INFO scheduler Scheduled Job Complete: erpnext.manufacturing.doctype.bom_update_log.bom_update_log.resume_bom_cost_update_jobs for zkee.com
2023-04-06 12:11:21,234 DEBUG scheduler Queued events for site zkee.com
2023-04-06 12:12:21,526 INFO scheduler Scheduled Job Start: erpnext.crm.doctype.social_media_post.social_media_post.process_scheduled_social_media_posts for zkee.com
2023-04-06 12:12:21,584 DEBUG scheduler Queued events for site zkee.com
2023-04-06 12:12:21,894 INFO scheduler Scheduled Job Complete: erpnext.crm.doctype.social_media_post.social_media_post.process_scheduled_social_media_posts for zkee.com
2023-04-06 12:12:21,963 INFO scheduler Scheduled Job Start: erpnext.hr.doctype.interview.interview.send_interview_reminder for zkee.com
2023-04-06 12:12:22,287 INFO scheduler Scheduled Job Complete: erpnext.hr.doctype.interview.interview.send_interview_reminder for zkee.com
2023-04-06 12:12:22,351 INFO scheduler Scheduled Job Start: erpnext.healthcare.doctype.patient_appointment.patient_appointment.send_appointment_reminder for zkee.com
2023-04-06 12:12:22,645 INFO scheduler Scheduled Job Complete: erpnext.healthcare.doctype.patient_appointment.patient_appointment.send_appointment_reminder for zkee.com
2023-04-06 12:12:22,716 INFO scheduler Scheduled Job Start: erpnext.projects.doctype.project.project.project_status_update_reminder for zkee.com
2023-04-06 12:12:23,064 INFO scheduler Scheduled Job Complete: erpnext.projects.doctype.project.project.project_status_update_reminder for zkee.com
2023-04-06 12:12:23,129 INFO scheduler Scheduled Job Start: frappe.monitor.flush for zkee.com
2023-04-06 12:12:23,290 INFO scheduler Scheduled Job Complete: frappe.monitor.flush for zkee.com
2023-04-06 12:12:23,359 INFO scheduler Scheduled Job Start: frappe.utils.global_search.sync_global_search for zkee.com
2023-04-06 12:12:23,507 INFO scheduler Scheduled Job Complete: frappe.utils.global_search.sync_global_search for zkee.com
2023-04-06 12:12:23,590 INFO scheduler Scheduled Job Start: frappe.integrations.doctype.razorpay_settings.razorpay_settings.capture_payment for zkee.com
2023-04-06 12:12:23,867 INFO scheduler Scheduled Job Complete: frappe.integrations.doctype.razorpay_settings.razorpay_settings.capture_payment for zkee.com
2023-04-06 12:12:23,939 INFO scheduler Scheduled Job Start: frappe.email.doctype.email_account.email_account.notify_unreplied for zkee.com
2023-04-06 12:12:24,241 INFO scheduler Scheduled Job Complete: frappe.email.doctype.email_account.email_account.notify_unreplied for zkee.com
2023-04-06 12:12:24,312 INFO scheduler Scheduled Job Start: frappe.email.doctype.email_account.email_account.pull for zkee.com
2023-04-06 12:12:24,570 INFO scheduler Scheduled Job Complete: frappe.email.doctype.email_account.email_account.pull for zkee.com
2023-04-06 12:12:24,638 INFO scheduler Scheduled Job Start: frappe.email.queue.flush for zkee.com
2023-04-06 12:12:24,805 INFO scheduler Scheduled Job Complete: frappe.email.queue.flush for zkee.com
2023-04-06 12:13:21,857 DEBUG scheduler Queued events for site zkee.com
2023-04-06 12:14:22,158 DEBUG scheduler Queued events for site zkee.com
2023-04-06 12:15:22,396 INFO scheduler Scheduled Job Start: erpnext.manufacturing.doctype.bom_update_log.bom_update_log.resume_bom_cost_update_jobs for zkee.com
2023-04-06 12:15:22,421 DEBUG scheduler Queued events for site zkee.com
2023-04-06 12:15:22,810 INFO scheduler Scheduled Job Complete: erpnext.manufacturing.doctype.bom_update_log.bom_update_log.resume_bom_cost_update_jobs for zkee.com
2023-04-06 12:15:22,911 INFO scheduler Scheduled Job Start: frappe.twofactor.delete_all_barcodes_for_users for zkee.com
2023-04-06 12:15:23,226 INFO scheduler Scheduled Job Complete: frappe.twofactor.delete_all_barcodes_for_users for zkee.com
2023-04-06 12:15:23,323 INFO scheduler Scheduled Job Start: frappe.website.doctype.web_page.web_page.check_publish_status for zkee.com
2023-04-06 12:15:23,707 INFO scheduler Scheduled Job Complete: frappe.website.doctype.web_page.web_page.check_publish_status for zkee.com
2023-04-06 12:15:23,810 INFO scheduler Scheduled Job Start: frappe.oauth.delete_oauth2_data for zkee.com
2023-04-06 12:15:24,241 INFO scheduler Scheduled Job Complete: frappe.oauth.delete_oauth2_data for zkee.com
2023-04-06 12:16:22,759 INFO scheduler Scheduled Job Start: erpnext.crm.doctype.social_media_post.social_media_post.process_scheduled_social_media_posts for zkee.com
2023-04-06 12:16:22,828 DEBUG scheduler Queued events for site zkee.com
2023-04-06 12:16:23,110 INFO scheduler Scheduled Job Complete: erpnext.crm.doctype.social_media_post.social_media_post.process_scheduled_social_media_posts for zkee.com
2023-04-06 12:16:23,182 INFO scheduler Scheduled Job Start: erpnext.hr.doctype.interview.interview.send_interview_reminder for zkee.com
2023-04-06 12:16:23,636 INFO scheduler Scheduled Job Complete: erpnext.hr.doctype.interview.interview.send_interview_reminder for zkee.com
2023-04-06 12:16:23,714 INFO scheduler Scheduled Job Start: erpnext.healthcare.doctype.patient_appointment.patient_appointment.send_appointment_reminder for zkee.com
2023-04-06 12:16:24,010 INFO scheduler Scheduled Job Complete: erpnext.healthcare.doctype.patient_appointment.patient_appointment.send_appointment_reminder for zkee.com
2023-04-06 12:16:24,077 INFO scheduler Scheduled Job Start: erpnext.projects.doctype.project.project.project_status_update_reminder for zkee.com
2023-04-06 12:16:24,445 INFO scheduler Scheduled Job Complete: erpnext.projects.doctype.project.project.project_status_update_reminder for zkee.com
2023-04-06 12:16:24,515 INFO scheduler Scheduled Job Start: frappe.monitor.flush for zkee.com
2023-04-06 12:16:24,673 INFO scheduler Scheduled Job Complete: frappe.monitor.flush for zkee.com
2023-04-06 12:16:24,744 INFO scheduler Scheduled Job Start: frappe.utils.global_search.sync_global_search for zkee.com
2023-04-06 12:16:24,959 INFO scheduler Scheduled Job Complete: frappe.utils.global_search.sync_global_search for zkee.com
2023-04-06 12:16:25,048 INFO scheduler Scheduled Job Start: frappe.integrations.doctype.razorpay_settings.razorpay_settings.capture_payment for zkee.com
2023-04-06 12:16:25,504 INFO scheduler Scheduled Job Complete: frappe.integrations.doctype.razorpay_settings.razorpay_settings.capture_payment for zkee.com
2023-04-06 12:16:25,600 INFO scheduler Scheduled Job Start: frappe.email.doctype.email_account.email_account.notify_unreplied for zkee.com
2023-04-06 12:16:26,066 INFO scheduler Scheduled Job Complete: frappe.email.doctype.email_account.email_account.notify_unreplied for zkee.com
2023-04-06 12:16:26,203 INFO scheduler Scheduled Job Start: frappe.email.doctype.email_account.email_account.pull for zkee.com
2023-04-06 12:16:26,657 INFO scheduler Scheduled Job Complete: frappe.email.doctype.email_account.email_account.pull for zkee.com
2023-04-06 12:16:26,745 INFO scheduler Scheduled Job Start: frappe.email.queue.flush for zkee.com
2023-04-06 12:16:26,950 INFO scheduler Scheduled Job Complete: frappe.email.queue.flush for zkee.com
2023-04-06 12:17:23,234 DEBUG scheduler Queued events for site zkee.com
2023-04-06 12:18:23,467 DEBUG scheduler Queued events for site zkee.com
2023-04-06 12:19:23,722 DEBUG scheduler Queued events for site zkee.com
2023-04-06 12:20:23,949 INFO scheduler Scheduled Job Start: erpnext.crm.doctype.social_media_post.social_media_post.process_scheduled_social_media_posts for zkee.com
2023-04-06 12:20:24,012 DEBUG scheduler Queued events for site zkee.com
2023-04-06 12:20:24,280 INFO scheduler Scheduled Job Complete: erpnext.crm.doctype.social_media_post.social_media_post.process_scheduled_social_media_posts for zkee.com
2023-04-06 12:20:24,343 INFO scheduler Scheduled Job Start: erpnext.hr.doctype.interview.interview.send_interview_reminder for zkee.com
2023-04-06 12:20:24,690 INFO scheduler Scheduled Job Complete: erpnext.hr.doctype.interview.interview.send_interview_reminder for zkee.com
2023-04-06 12:20:24,753 INFO scheduler Scheduled Job Start: erpnext.healthcare.doctype.patient_appointment.patient_appointment.send_appointment_reminder for zkee.com
2023-04-06 12:20:25,040 INFO scheduler Scheduled Job Complete: erpnext.healthcare.doctype.patient_appointment.patient_appointment.send_appointment_reminder for zkee.com
2023-04-06 12:20:25,100 INFO scheduler Scheduled Job Start: erpnext.projects.doctype.project.project.project_status_update_reminder for zkee.com
2023-04-06 12:20:25,437 INFO scheduler Scheduled Job Complete: erpnext.projects.doctype.project.project.project_status_update_reminder for zkee.com
2023-04-06 12:20:25,498 INFO scheduler Scheduled Job Start: erpnext.manufacturing.doctype.bom_update_log.bom_update_log.resume_bom_cost_update_jobs for zkee.com
2023-04-06 12:20:25,851 INFO scheduler Scheduled Job Complete: erpnext.manufacturing.doctype.bom_update_log.bom_update_log.resume_bom_cost_update_jobs for zkee.com
2023-04-06 12:20:25,952 INFO scheduler Scheduled Job Start: frappe.monitor.flush for zkee.com
2023-04-06 12:20:26,113 INFO scheduler Scheduled Job Complete: frappe.monitor.flush for zkee.com
2023-04-06 12:20:26,180 INFO scheduler Scheduled Job Start: frappe.utils.global_search.sync_global_search for zkee.com
2023-04-06 12:20:26,668 INFO scheduler Scheduled Job Complete: frappe.utils.global_search.sync_global_search for zkee.com
2023-04-06 12:20:26,734 INFO scheduler Scheduled Job Start: frappe.integrations.doctype.razorpay_settings.razorpay_settings.capture_payment for zkee.com
2023-04-06 12:20:27,027 INFO scheduler Scheduled Job Complete: frappe.integrations.doctype.razorpay_settings.razorpay_settings.capture_payment for zkee.com
2023-04-06 12:20:27,100 INFO scheduler Scheduled Job Start: frappe.email.doctype.email_account.email_account.notify_unreplied for zkee.com
2023-04-06 12:20:27,435 INFO scheduler Scheduled Job Complete: frappe.email.doctype.email_account.email_account.notify_unreplied for zkee.com
2023-04-06 12:20:27,496 INFO scheduler Scheduled Job Start: frappe.email.doctype.email_account.email_account.pull for zkee.com
2023-04-06 12:20:27,850 INFO scheduler Scheduled Job Complete: frappe.email.doctype.email_account.email_account.pull for zkee.com
2023-04-06 12:20:27,916 INFO scheduler Scheduled Job Start: frappe.email.queue.flush for zkee.com
2023-04-06 12:20:28,091 INFO scheduler Scheduled Job Complete: frappe.email.queue.flush for zkee.com
2023-04-06 12:21:24,283 DEBUG scheduler Queued events for site zkee.com
2023-04-06 12:22:24,519 DEBUG scheduler Queued events for site zkee.com
2023-04-06 12:23:24,741 DEBUG scheduler Queued events for site zkee.com
2023-04-06 12:24:25,047 INFO scheduler Scheduled Job Start: erpnext.crm.doctype.social_media_post.social_media_post.process_scheduled_social_media_posts for zkee.com
2023-04-06 12:24:25,175 DEBUG scheduler Queued events for site zkee.com
2023-04-06 12:24:25,334 INFO scheduler Scheduled Job Complete: erpnext.crm.doctype.social_media_post.social_media_post.process_scheduled_social_media_posts for zkee.com
2023-04-06 12:24:25,408 INFO scheduler Scheduled Job Start: erpnext.hr.doctype.interview.interview.send_interview_reminder for zkee.com
2023-04-06 12:24:25,636 INFO scheduler Scheduled Job Complete: erpnext.hr.doctype.interview.interview.send_interview_reminder for zkee.com
2023-04-06 12:24:25,704 INFO scheduler Scheduled Job Start: erpnext.healthcare.doctype.patient_appointment.patient_appointment.send_appointment_reminder for zkee.com
2023-04-06 12:24:25,901 INFO scheduler Scheduled Job Complete: erpnext.healthcare.doctype.patient_appointment.patient_appointment.send_appointment_reminder for zkee.com
2023-04-06 12:24:25,992 INFO scheduler Scheduled Job Start: erpnext.projects.doctype.project.project.project_status_update_reminder for zkee.com
2023-04-06 12:24:26,249 INFO scheduler Scheduled Job Complete: erpnext.projects.doctype.project.project.project_status_update_reminder for zkee.com
2023-04-06 12:24:26,317 INFO scheduler Scheduled Job Start: frappe.monitor.flush for zkee.com
2023-04-06 12:24:26,479 INFO scheduler Scheduled Job Complete: frappe.monitor.flush for zkee.com
2023-04-06 12:24:26,567 INFO scheduler Scheduled Job Start: frappe.utils.global_search.sync_global_search for zkee.com
2023-04-06 12:24:26,750 INFO scheduler Scheduled Job Complete: frappe.utils.global_search.sync_global_search for zkee.com
2023-04-06 12:24:26,813 INFO scheduler Scheduled Job Start: frappe.integrations.doctype.razorpay_settings.razorpay_settings.capture_payment for zkee.com
2023-04-06 12:24:27,033 INFO scheduler Scheduled Job Complete: frappe.integrations.doctype.razorpay_settings.razorpay_settings.capture_payment for zkee.com
2023-04-06 12:24:27,141 INFO scheduler Scheduled Job Start: frappe.email.doctype.email_account.email_account.notify_unreplied for zkee.com
2023-04-06 12:24:27,427 INFO scheduler Scheduled Job Complete: frappe.email.doctype.email_account.email_account.notify_unreplied for zkee.com
2023-04-06 12:24:27,510 INFO scheduler Scheduled Job Start: frappe.email.doctype.email_account.email_account.pull for zkee.com
2023-04-06 12:24:27,762 INFO scheduler Scheduled Job Complete: frappe.email.doctype.email_account.email_account.pull for zkee.com
2023-04-06 12:24:27,827 INFO scheduler Scheduled Job Start: frappe.email.queue.flush for zkee.com
2023-04-06 12:24:27,995 INFO scheduler Scheduled Job Complete: frappe.email.queue.flush for zkee.com
2023-04-06 12:25:25,448 INFO scheduler Scheduled Job Start: erpnext.manufacturing.doctype.bom_update_log.bom_update_log.resume_bom_cost_update_jobs for zkee.com
2023-04-06 12:25:25,473 DEBUG scheduler Queued events for site zkee.com
2023-04-06 12:25:25,705 INFO scheduler Scheduled Job Complete: erpnext.manufacturing.doctype.bom_update_log.bom_update_log.resume_bom_cost_update_jobs for zkee.com
2023-04-06 12:26:25,741 DEBUG scheduler Queued events for site zkee.com
2023-04-06 12:27:26,102 DEBUG scheduler Queued events for site zkee.com
2023-04-06 12:28:26,338 INFO scheduler Scheduled Job Start: erpnext.crm.doctype.social_media_post.social_media_post.process_scheduled_social_media_posts for zkee.com
2023-04-06 12:28:26,403 DEBUG scheduler Queued events for site zkee.com
2023-04-06 12:28:26,582 INFO scheduler Scheduled Job Complete: erpnext.crm.doctype.social_media_post.social_media_post.process_scheduled_social_media_posts for zkee.com
2023-04-06 12:28:26,643 INFO scheduler Scheduled Job Start: erpnext.hr.doctype.interview.interview.send_interview_reminder for zkee.com
2023-04-06 12:28:26,884 INFO scheduler Scheduled Job Complete: erpnext.hr.doctype.interview.interview.send_interview_reminder for zkee.com
2023-04-06 12:28:26,953 INFO scheduler Scheduled Job Start: erpnext.healthcare.doctype.patient_appointment.patient_appointment.send_appointment_reminder for zkee.com
2023-04-06 12:28:27,137 INFO scheduler Scheduled Job Complete: erpnext.healthcare.doctype.patient_appointment.patient_appointment.send_appointment_reminder for zkee.com
2023-04-06 12:28:27,205 INFO scheduler Scheduled Job Start: erpnext.projects.doctype.project.project.project_status_update_reminder for zkee.com
2023-04-06 12:28:27,456 INFO scheduler Scheduled Job Complete: erpnext.projects.doctype.project.project.project_status_update_reminder for zkee.com
2023-04-06 12:28:27,527 INFO scheduler Scheduled Job Start: frappe.monitor.flush for zkee.com
2023-04-06 12:28:27,694 INFO scheduler Scheduled Job Complete: frappe.monitor.flush for zkee.com
2023-04-06 12:28:27,764 INFO scheduler Scheduled Job Start: frappe.utils.global_search.sync_global_search for zkee.com
2023-04-06 12:28:28,064 INFO scheduler Scheduled Job Complete: frappe.utils.global_search.sync_global_search for zkee.com
2023-04-06 12:28:28,134 INFO scheduler Scheduled Job Start: frappe.integrations.doctype.razorpay_settings.razorpay_settings.capture_payment for zkee.com
2023-04-06 12:28:28,321 INFO scheduler Scheduled Job Complete: frappe.integrations.doctype.razorpay_settings.razorpay_settings.capture_payment for zkee.com
2023-04-06 12:28:28,412 INFO scheduler Scheduled Job Start: frappe.email.doctype.email_account.email_account.notify_unreplied for zkee.com
2023-04-06 12:28:28,642 INFO scheduler Scheduled Job Complete: frappe.email.doctype.email_account.email_account.notify_unreplied for zkee.com
2023-04-06 12:28:28,717 INFO scheduler Scheduled Job Start: frappe.email.doctype.email_account.email_account.pull for zkee.com
2023-04-06 12:28:28,978 INFO scheduler Scheduled Job Complete: frappe.email.doctype.email_account.email_account.pull for zkee.com
2023-04-06 12:28:29,046 INFO scheduler Scheduled Job Start: frappe.email.queue.flush for zkee.com
2023-04-06 12:28:29,218 INFO scheduler Scheduled Job Complete: frappe.email.queue.flush for zkee.com
2023-04-06 12:29:26,699 DEBUG scheduler Queued events for site zkee.com
2023-04-06 12:30:26,929 INFO scheduler Scheduled Job Start: erpnext.accounts.doctype.gl_entry.gl_entry.rename_gle_sle_docs for zkee.com
2023-04-06 12:30:26,953 DEBUG scheduler Queued events for site zkee.com
2023-04-06 12:30:27,487 INFO scheduler Scheduled Job Complete: erpnext.accounts.doctype.gl_entry.gl_entry.rename_gle_sle_docs for zkee.com
2023-04-06 12:30:27,600 INFO scheduler Scheduled Job Start: erpnext.utilities.doctype.video.video.update_youtube_data for zkee.com
2023-04-06 12:30:27,963 INFO scheduler Scheduled Job Complete: erpnext.utilities.doctype.video.video.update_youtube_data for zkee.com
2023-04-06 12:30:28,063 INFO scheduler Scheduled Job Start: erpnext.manufacturing.doctype.bom_update_log.bom_update_log.resume_bom_cost_update_jobs for zkee.com
2023-04-06 12:30:28,445 INFO scheduler Scheduled Job Complete: erpnext.manufacturing.doctype.bom_update_log.bom_update_log.resume_bom_cost_update_jobs for zkee.com
2023-04-06 12:30:28,631 INFO scheduler Scheduled Job Start: frappe.twofactor.delete_all_barcodes_for_users for zkee.com
2023-04-06 12:30:29,030 INFO scheduler Scheduled Job Complete: frappe.twofactor.delete_all_barcodes_for_users for zkee.com
2023-04-06 12:30:29,138 INFO scheduler Scheduled Job Start: frappe.website.doctype.web_page.web_page.check_publish_status for zkee.com
2023-04-06 12:30:29,595 INFO scheduler Scheduled Job Complete: frappe.website.doctype.web_page.web_page.check_publish_status for zkee.com
2023-04-06 12:30:29,712 INFO scheduler Scheduled Job Start: frappe.oauth.delete_oauth2_data for zkee.com
2023-04-06 12:30:30,166 INFO scheduler Scheduled Job Complete: frappe.oauth.delete_oauth2_data for zkee.com
2023-04-06 12:31:27,285 DEBUG scheduler Queued events for site zkee.com
2023-04-06 12:32:27,514 INFO scheduler Scheduled Job Start: erpnext.crm.doctype.social_media_post.social_media_post.process_scheduled_social_media_posts for zkee.com
2023-04-06 12:32:27,588 DEBUG scheduler Queued events for site zkee.com
2023-04-06 12:32:27,897 INFO scheduler Scheduled Job Complete: erpnext.crm.doctype.social_media_post.social_media_post.process_scheduled_social_media_posts for zkee.com
2023-04-06 12:32:27,968 INFO scheduler Scheduled Job Start: erpnext.hr.doctype.interview.interview.send_interview_reminder for zkee.com
2023-04-06 12:32:28,397 INFO scheduler Scheduled Job Complete: erpnext.hr.doctype.interview.interview.send_interview_reminder for zkee.com
2023-04-06 12:32:28,470 INFO scheduler Scheduled Job Start: erpnext.healthcare.doctype.patient_appointment.patient_appointment.send_appointment_reminder for zkee.com
2023-04-06 12:32:28,896 INFO scheduler Scheduled Job Complete: erpnext.healthcare.doctype.patient_appointment.patient_appointment.send_appointment_reminder for zkee.com
2023-04-06 12:32:28,968 INFO scheduler Scheduled Job Start: erpnext.projects.doctype.project.project.project_status_update_reminder for zkee.com
2023-04-06 12:32:29,308 INFO scheduler Scheduled Job Complete: erpnext.projects.doctype.project.project.project_status_update_reminder for zkee.com
2023-04-06 12:32:29,375 INFO scheduler Scheduled Job Start: frappe.monitor.flush for zkee.com
2023-04-06 12:32:29,549 INFO scheduler Scheduled Job Complete: frappe.monitor.flush for zkee.com
2023-04-06 12:32:29,623 INFO scheduler Scheduled Job Start: frappe.utils.global_search.sync_global_search for zkee.com
2023-04-06 12:32:29,784 INFO scheduler Scheduled Job Complete: frappe.utils.global_search.sync_global_search for zkee.com
2023-04-06 12:32:29,849 INFO scheduler Scheduled Job Start: frappe.integrations.doctype.razorpay_settings.razorpay_settings.capture_payment for zkee.com
2023-04-06 12:32:30,161 INFO scheduler Scheduled Job Complete: frappe.integrations.doctype.razorpay_settings.razorpay_settings.capture_payment for zkee.com
2023-04-06 12:32:30,232 INFO scheduler Scheduled Job Start: frappe.email.doctype.email_account.email_account.notify_unreplied for zkee.com
2023-04-06 12:32:30,553 INFO scheduler Scheduled Job Complete: frappe.email.doctype.email_account.email_account.notify_unreplied for zkee.com
2023-04-06 12:32:30,618 INFO scheduler Scheduled Job Start: frappe.email.doctype.email_account.email_account.pull for zkee.com
2023-04-06 12:32:30,888 INFO scheduler Scheduled Job Complete: frappe.email.doctype.email_account.email_account.pull for zkee.com
2023-04-06 12:32:30,959 INFO scheduler Scheduled Job Start: frappe.email.queue.flush for zkee.com
2023-04-06 12:32:31,146 INFO scheduler Scheduled Job Complete: frappe.email.queue.flush for zkee.com
2023-04-06 12:33:27,840 DEBUG scheduler Queued events for site zkee.com
2023-04-06 12:34:28,066 DEBUG scheduler Queued events for site zkee.com
2023-04-06 12:35:28,321 INFO scheduler Scheduled Job Start: erpnext.manufacturing.doctype.bom_update_log.bom_update_log.resume_bom_cost_update_jobs for zkee.com
2023-04-06 12:35:28,347 DEBUG scheduler Queued events for site zkee.com
2023-04-06 12:35:28,655 INFO scheduler Scheduled Job Complete: erpnext.manufacturing.doctype.bom_update_log.bom_update_log.resume_bom_cost_update_jobs for zkee.com
2023-04-06 12:36:28,606 INFO scheduler Scheduled Job Start: erpnext.crm.doctype.social_media_post.social_media_post.process_scheduled_social_media_posts for zkee.com
2023-04-06 12:36:28,681 DEBUG scheduler Queued events for site zkee.com
2023-04-06 12:36:28,949 INFO scheduler Scheduled Job Complete: erpnext.crm.doctype.social_media_post.social_media_post.process_scheduled_social_media_posts for zkee.com
2023-04-06 12:36:29,023 INFO scheduler Scheduled Job Start: erpnext.hr.doctype.interview.interview.send_interview_reminder for zkee.com
2023-04-06 12:36:29,247 INFO scheduler Scheduled Job Complete: erpnext.hr.doctype.interview.interview.send_interview_reminder for zkee.com
2023-04-06 12:36:29,323 INFO scheduler Scheduled Job Start: erpnext.healthcare.doctype.patient_appointment.patient_appointment.send_appointment_reminder for zkee.com
2023-04-06 12:36:29,510 INFO scheduler Scheduled Job Complete: erpnext.healthcare.doctype.patient_appointment.patient_appointment.send_appointment_reminder for zkee.com
2023-04-06 12:36:29,584 INFO scheduler Scheduled Job Start: erpnext.projects.doctype.project.project.project_status_update_reminder for zkee.com
2023-04-06 12:36:29,933 INFO scheduler Scheduled Job Complete: erpnext.projects.doctype.project.project.project_status_update_reminder for zkee.com
2023-04-06 12:36:30,002 INFO scheduler Scheduled Job Start: frappe.monitor.flush for zkee.com
2023-04-06 12:36:30,200 INFO scheduler Scheduled Job Complete: frappe.monitor.flush for zkee.com
2023-04-06 12:36:30,274 INFO scheduler Scheduled Job Start: frappe.utils.global_search.sync_global_search for zkee.com
2023-04-06 12:36:30,443 INFO scheduler Scheduled Job Complete: frappe.utils.global_search.sync_global_search for zkee.com
2023-04-06 12:36:30,514 INFO scheduler Scheduled Job Start: frappe.integrations.doctype.razorpay_settings.razorpay_settings.capture_payment for zkee.com
2023-04-06 12:36:30,694 INFO scheduler Scheduled Job Complete: frappe.integrations.doctype.razorpay_settings.razorpay_settings.capture_payment for zkee.com
2023-04-06 12:36:30,804 INFO scheduler Scheduled Job Start: frappe.email.doctype.email_account.email_account.notify_unreplied for zkee.com
2023-04-06 12:36:31,074 INFO scheduler Scheduled Job Complete: frappe.email.doctype.email_account.email_account.notify_unreplied for zkee.com
2023-04-06 12:36:31,139 INFO scheduler Scheduled Job Start: frappe.email.doctype.email_account.email_account.pull for zkee.com
2023-04-06 12:36:31,404 INFO scheduler Scheduled Job Complete: frappe.email.doctype.email_account.email_account.pull for zkee.com
2023-04-06 12:36:31,473 INFO scheduler Scheduled Job Start: frappe.email.queue.flush for zkee.com
2023-04-06 12:36:31,691 INFO scheduler Scheduled Job Complete: frappe.email.queue.flush for zkee.com
2023-04-06 12:37:28,938 DEBUG scheduler Queued events for site zkee.com
2023-04-06 12:38:29,148 DEBUG scheduler Queued events for site zkee.com
2023-04-06 12:39:29,492 DEBUG scheduler Queued events for site zkee.com
2023-04-06 12:40:29,755 INFO scheduler Scheduled Job Start: erpnext.crm.doctype.social_media_post.social_media_post.process_scheduled_social_media_posts for zkee.com
2023-04-06 12:40:29,831 DEBUG scheduler Queued events for site zkee.com
2023-04-06 12:40:30,012 INFO scheduler Scheduled Job Complete: erpnext.crm.doctype.social_media_post.social_media_post.process_scheduled_social_media_posts for zkee.com
2023-04-06 12:40:30,085 INFO scheduler Scheduled Job Start: erpnext.hr.doctype.interview.interview.send_interview_reminder for zkee.com
2023-04-06 12:40:30,302 INFO scheduler Scheduled Job Complete: erpnext.hr.doctype.interview.interview.send_interview_reminder for zkee.com
2023-04-06 12:40:30,375 INFO scheduler Scheduled Job Start: erpnext.healthcare.doctype.patient_appointment.patient_appointment.send_appointment_reminder for zkee.com
2023-04-06 12:40:30,575 INFO scheduler Scheduled Job Complete: erpnext.healthcare.doctype.patient_appointment.patient_appointment.send_appointment_reminder for zkee.com
2023-04-06 12:40:30,643 INFO scheduler Scheduled Job Start: erpnext.projects.doctype.project.project.project_status_update_reminder for zkee.com
2023-04-06 12:40:30,950 INFO scheduler Scheduled Job Complete: erpnext.projects.doctype.project.project.project_status_update_reminder for zkee.com
2023-04-06 12:40:31,022 INFO scheduler Scheduled Job Start: erpnext.manufacturing.doctype.bom_update_log.bom_update_log.resume_bom_cost_update_jobs for zkee.com
2023-04-06 12:40:31,284 INFO scheduler Scheduled Job Complete: erpnext.manufacturing.doctype.bom_update_log.bom_update_log.resume_bom_cost_update_jobs for zkee.com
2023-04-06 12:40:31,393 INFO scheduler Scheduled Job Start: frappe.monitor.flush for zkee.com
2023-04-06 12:40:31,569 INFO scheduler Scheduled Job Complete: frappe.monitor.flush for zkee.com
2023-04-06 12:40:31,646 INFO scheduler Scheduled Job Start: frappe.utils.global_search.sync_global_search for zkee.com
2023-04-06 12:40:31,828 INFO scheduler Scheduled Job Complete: frappe.utils.global_search.sync_global_search for zkee.com
2023-04-06 12:40:31,895 INFO scheduler Scheduled Job Start: frappe.integrations.doctype.razorpay_settings.razorpay_settings.capture_payment for zkee.com
2023-04-06 12:40:32,097 INFO scheduler Scheduled Job Complete: frappe.integrations.doctype.razorpay_settings.razorpay_settings.capture_payment for zkee.com
2023-04-06 12:40:32,189 INFO scheduler Scheduled Job Start: frappe.email.doctype.email_account.email_account.notify_unreplied for zkee.com
2023-04-06 12:40:32,467 INFO scheduler Scheduled Job Complete: frappe.email.doctype.email_account.email_account.notify_unreplied for zkee.com
2023-04-06 12:40:32,549 INFO scheduler Scheduled Job Start: frappe.email.doctype.email_account.email_account.pull for zkee.com
2023-04-06 12:40:32,862 INFO scheduler Scheduled Job Complete: frappe.email.doctype.email_account.email_account.pull for zkee.com
2023-04-06 12:40:32,956 INFO scheduler Scheduled Job Start: frappe.email.queue.flush for zkee.com
2023-04-06 12:40:33,158 INFO scheduler Scheduled Job Complete: frappe.email.queue.flush for zkee.com
2023-04-06 12:41:30,135 DEBUG scheduler Queued events for site zkee.com
2023-04-06 12:42:30,387 DEBUG scheduler Queued events for site zkee.com
2023-04-06 12:43:30,606 DEBUG scheduler Queued events for site zkee.com
2023-04-06 12:44:30,857 INFO scheduler Scheduled Job Start: erpnext.crm.doctype.social_media_post.social_media_post.process_scheduled_social_media_posts for zkee.com
2023-04-06 12:44:30,938 DEBUG scheduler Queued events for site zkee.com
2023-04-06 12:44:31,126 INFO scheduler Scheduled Job Complete: erpnext.crm.doctype.social_media_post.social_media_post.process_scheduled_social_media_posts for zkee.com
2023-04-06 12:44:31,207 INFO scheduler Scheduled Job Start: erpnext.hr.doctype.interview.interview.send_interview_reminder for zkee.com
2023-04-06 12:44:31,420 INFO scheduler Scheduled Job Complete: erpnext.hr.doctype.interview.interview.send_interview_reminder for zkee.com
2023-04-06 12:44:31,487 INFO scheduler Scheduled Job Start: erpnext.healthcare.doctype.patient_appointment.patient_appointment.send_appointment_reminder for zkee.com
2023-04-06 12:44:31,682 INFO scheduler Scheduled Job Complete: erpnext.healthcare.doctype.patient_appointment.patient_appointment.send_appointment_reminder for zkee.com
2023-04-06 12:44:31,759 INFO scheduler Scheduled Job Start: erpnext.projects.doctype.project.project.project_status_update_reminder for zkee.com
2023-04-06 12:44:32,057 INFO scheduler Scheduled Job Complete: erpnext.projects.doctype.project.project.project_status_update_reminder for zkee.com
2023-04-06 12:44:32,141 INFO scheduler Scheduled Job Start: frappe.monitor.flush for zkee.com
2023-04-06 12:44:32,317 INFO scheduler Scheduled Job Complete: frappe.monitor.flush for zkee.com
2023-04-06 12:44:32,404 INFO scheduler Scheduled Job Start: frappe.utils.global_search.sync_global_search for zkee.com
2023-04-06 12:44:32,768 INFO scheduler Scheduled Job Complete: frappe.utils.global_search.sync_global_search for zkee.com
2023-04-06 12:44:32,869 INFO scheduler Scheduled Job Start: frappe.integrations.doctype.razorpay_settings.razorpay_settings.capture_payment for zkee.com
2023-04-06 12:44:33,143 INFO scheduler Scheduled Job Complete: frappe.integrations.doctype.razorpay_settings.razorpay_settings.capture_payment for zkee.com
2023-04-06 12:44:33,218 INFO scheduler Scheduled Job Start: frappe.email.doctype.email_account.email_account.notify_unreplied for zkee.com
2023-04-06 12:44:33,458 INFO scheduler Scheduled Job Complete: frappe.email.doctype.email_account.email_account.notify_unreplied for zkee.com
2023-04-06 12:44:33,553 INFO scheduler Scheduled Job Start: frappe.email.doctype.email_account.email_account.pull for zkee.com
2023-04-06 12:44:33,899 INFO scheduler Scheduled Job Complete: frappe.email.doctype.email_account.email_account.pull for zkee.com
2023-04-06 12:44:33,967 INFO scheduler Scheduled Job Start: frappe.email.queue.flush for zkee.com
2023-04-06 12:44:34,153 INFO scheduler Scheduled Job Complete: frappe.email.queue.flush for zkee.com
2023-04-06 12:45:31,235 DEBUG scheduler Queued events for site zkee.com
2023-04-06 12:45:31,241 INFO scheduler Scheduled Job Start: erpnext.manufacturing.doctype.bom_update_log.bom_update_log.resume_bom_cost_update_jobs for zkee.com
2023-04-06 12:45:32,030 INFO scheduler Scheduled Job Complete: erpnext.manufacturing.doctype.bom_update_log.bom_update_log.resume_bom_cost_update_jobs for zkee.com
2023-04-06 12:45:32,574 INFO scheduler Scheduled Job Start: frappe.twofactor.delete_all_barcodes_for_users for zkee.com
2023-04-06 12:45:33,265 INFO scheduler Scheduled Job Complete: frappe.twofactor.delete_all_barcodes_for_users for zkee.com
2023-04-06 12:45:33,658 INFO scheduler Scheduled Job Start: frappe.website.doctype.web_page.web_page.check_publish_status for zkee.com
2023-04-06 12:45:34,864 INFO scheduler Scheduled Job Complete: frappe.website.doctype.web_page.web_page.check_publish_status for zkee.com
2023-04-06 12:45:35,327 INFO scheduler Scheduled Job Start: frappe.oauth.delete_oauth2_data for zkee.com
2023-04-06 12:45:36,051 INFO scheduler Scheduled Job Complete: frappe.oauth.delete_oauth2_data for zkee.com
2023-04-06 13:02:33,803 INFO scheduler Scheduled Job Start: erpnext.hr.doctype.shift_type.shift_type.process_auto_attendance_for_all_shifts for zkee.com
2023-04-06 13:02:34,292 DEBUG scheduler Queued events for site zkee.com
2023-04-06 13:02:34,765 INFO scheduler Scheduled Job Complete: erpnext.hr.doctype.shift_type.shift_type.process_auto_attendance_for_all_shifts for zkee.com
2023-04-06 13:02:34,908 INFO scheduler Scheduled Job Start: erpnext.erpnext_integrations.connectors.shopify_connection.sync_old_orders for zkee.com
2023-04-06 13:02:35,592 INFO scheduler Scheduled Job Complete: erpnext.erpnext_integrations.connectors.shopify_connection.sync_old_orders for zkee.com
2023-04-06 13:02:35,715 INFO scheduler Scheduled Job Start: erpnext.support.doctype.issue.issue.set_service_level_agreement_variance for zkee.com
2023-04-06 13:02:36,310 INFO scheduler Scheduled Job Complete: erpnext.support.doctype.issue.issue.set_service_level_agreement_variance for zkee.com
2023-04-06 13:02:36,441 INFO scheduler Scheduled Job Start: erpnext.projects.doctype.project.project.collect_project_status for zkee.com
2023-04-06 13:02:37,073 INFO scheduler Scheduled Job Complete: erpnext.projects.doctype.project.project.collect_project_status for zkee.com
2023-04-06 13:02:37,189 INFO scheduler Scheduled Job Start: erpnext.projects.doctype.project.project.hourly_reminder for zkee.com
2023-04-06 13:02:37,847 INFO scheduler Scheduled Job Complete: erpnext.projects.doctype.project.project.hourly_reminder for zkee.com
2023-04-06 13:02:37,974 INFO scheduler Scheduled Job Start: erpnext.erpnext_integrations.doctype.plaid_settings.plaid_settings.automatic_synchronization for zkee.com
2023-04-06 13:02:38,587 INFO scheduler Scheduled Job Complete: erpnext.erpnext_integrations.doctype.plaid_settings.plaid_settings.automatic_synchronization for zkee.com
2023-04-06 13:02:38,791 INFO scheduler Scheduled Job Start: erpnext.erpnext_integrations.doctype.amazon_mws_settings.amazon_mws_settings.schedule_get_order_details for zkee.com
2023-04-06 13:02:39,195 INFO scheduler Scheduled Job Complete: erpnext.erpnext_integrations.doctype.amazon_mws_settings.amazon_mws_settings.schedule_get_order_details for zkee.com
2023-04-06 13:02:39,324 INFO scheduler Scheduled Job Start: erpnext.hr.doctype.daily_work_summary_group.daily_work_summary_group.trigger_emails for zkee.com
2023-04-06 13:02:39,647 INFO scheduler Scheduled Job Complete: erpnext.hr.doctype.daily_work_summary_group.daily_work_summary_group.trigger_emails for zkee.com
2023-04-06 13:02:39,782 INFO scheduler Scheduled Job Start: erpnext.crm.doctype.social_media_post.social_media_post.process_scheduled_social_media_posts for zkee.com
2023-04-06 13:02:40,149 INFO scheduler Scheduled Job Complete: erpnext.crm.doctype.social_media_post.social_media_post.process_scheduled_social_media_posts for zkee.com
2023-04-06 13:02:40,223 INFO scheduler Scheduled Job Start: erpnext.hr.doctype.interview.interview.send_interview_reminder for zkee.com
2023-04-06 13:02:40,597 INFO scheduler Scheduled Job Complete: erpnext.hr.doctype.interview.interview.send_interview_reminder for zkee.com
2023-04-06 13:02:40,683 INFO scheduler Scheduled Job Start: erpnext.healthcare.doctype.patient_appointment.patient_appointment.send_appointment_reminder for zkee.com
2023-04-06 13:02:41,062 INFO scheduler Scheduled Job Complete: erpnext.healthcare.doctype.patient_appointment.patient_appointment.send_appointment_reminder for zkee.com
2023-04-06 13:02:41,138 INFO scheduler Scheduled Job Start: erpnext.projects.doctype.project.project.project_status_update_reminder for zkee.com
2023-04-06 13:02:41,420 INFO scheduler Scheduled Job Complete: erpnext.projects.doctype.project.project.project_status_update_reminder for zkee.com
2023-04-06 13:02:41,504 INFO scheduler Scheduled Job Start: erpnext.utilities.doctype.video.video.update_youtube_data for zkee.com
2023-04-06 13:02:41,993 INFO scheduler Scheduled Job Complete: erpnext.utilities.doctype.video.video.update_youtube_data for zkee.com
2023-04-06 13:02:42,125 INFO scheduler Scheduled Job Start: erpnext.manufacturing.doctype.bom_update_log.bom_update_log.resume_bom_cost_update_jobs for zkee.com
2023-04-06 13:02:42,453 INFO scheduler Scheduled Job Complete: erpnext.manufacturing.doctype.bom_update_log.bom_update_log.resume_bom_cost_update_jobs for zkee.com
2023-04-06 13:02:42,558 INFO scheduler Scheduled Job Start: frappe.email.doctype.newsletter.newsletter.send_scheduled_email for zkee.com
2023-04-06 13:02:42,961 INFO scheduler Scheduled Job Complete: frappe.email.doctype.newsletter.newsletter.send_scheduled_email for zkee.com
2023-04-06 13:02:43,062 INFO scheduler Scheduled Job Start: frappe.integrations.doctype.google_calendar.google_calendar.sync for zkee.com
2023-04-06 13:02:43,529 INFO scheduler Scheduled Job Complete: frappe.integrations.doctype.google_calendar.google_calendar.sync for zkee.com
2023-04-06 13:02:43,651 INFO scheduler Scheduled Job Start: frappe.desk.form.document_follow.send_hourly_updates for zkee.com
2023-04-06 13:02:43,997 INFO scheduler Scheduled Job Complete: frappe.desk.form.document_follow.send_hourly_updates for zkee.com
2023-04-06 13:02:44,104 INFO scheduler Scheduled Job Start: frappe.deferred_insert.save_to_db for zkee.com
2023-04-06 13:02:44,357 INFO scheduler Scheduled Job Complete: frappe.deferred_insert.save_to_db for zkee.com
2023-04-06 13:02:44,463 INFO scheduler Scheduled Job Start: frappe.desk.page.backups.backups.delete_downloadable_backups for zkee.com
2023-04-06 13:02:44,774 INFO scheduler Scheduled Job Complete: frappe.desk.page.backups.backups.delete_downloadable_backups for zkee.com
2023-04-06 13:02:45,072 INFO scheduler Scheduled Job Start: frappe.utils.error.collect_error_snapshots for zkee.com
2023-04-06 13:02:45,603 INFO scheduler Scheduled Job Complete: frappe.utils.error.collect_error_snapshots for zkee.com
2023-04-06 13:02:45,715 INFO scheduler Scheduled Job Start: frappe.model.utils.user_settings.sync_user_settings for zkee.com
2023-04-06 13:02:46,016 INFO scheduler Scheduled Job Complete: frappe.model.utils.user_settings.sync_user_settings for zkee.com
2023-04-06 13:02:46,119 INFO scheduler Scheduled Job Start: frappe.model.utils.link_count.update_link_count for zkee.com
2023-04-06 13:02:46,407 INFO scheduler Scheduled Job Complete: frappe.model.utils.link_count.update_link_count for zkee.com
2023-04-06 13:02:46,512 INFO scheduler Scheduled Job Start: frappe.monitor.flush for zkee.com
2023-04-06 13:02:46,683 INFO scheduler Scheduled Job Complete: frappe.monitor.flush for zkee.com
2023-04-06 13:02:46,748 INFO scheduler Scheduled Job Start: frappe.utils.global_search.sync_global_search for zkee.com
2023-04-06 13:02:46,916 INFO scheduler Scheduled Job Complete: frappe.utils.global_search.sync_global_search for zkee.com
2023-04-06 13:02:46,986 INFO scheduler Scheduled Job Start: frappe.integrations.doctype.razorpay_settings.razorpay_settings.capture_payment for zkee.com
2023-04-06 13:02:47,289 INFO scheduler Scheduled Job Complete: frappe.integrations.doctype.razorpay_settings.razorpay_settings.capture_payment for zkee.com
2023-04-06 13:02:47,360 INFO scheduler Scheduled Job Start: frappe.email.doctype.email_account.email_account.notify_unreplied for zkee.com
2023-04-06 13:02:47,730 INFO scheduler Scheduled Job Complete: frappe.email.doctype.email_account.email_account.notify_unreplied for zkee.com
2023-04-06 13:02:47,804 INFO scheduler Scheduled Job Start: frappe.email.doctype.email_account.email_account.pull for zkee.com
2023-04-06 13:02:48,091 INFO scheduler Scheduled Job Complete: frappe.email.doctype.email_account.email_account.pull for zkee.com
2023-04-06 13:02:48,163 INFO scheduler Scheduled Job Start: frappe.email.queue.flush for zkee.com
2023-04-06 13:02:48,349 INFO scheduler Scheduled Job Complete: frappe.email.queue.flush for zkee.com
2023-04-06 13:02:48,424 INFO scheduler Scheduled Job Start: frappe.twofactor.delete_all_barcodes_for_users for zkee.com
2023-04-06 13:02:48,780 INFO scheduler Scheduled Job Complete: frappe.twofactor.delete_all_barcodes_for_users for zkee.com
2023-04-06 13:02:48,931 INFO scheduler Scheduled Job Start: frappe.website.doctype.web_page.web_page.check_publish_status for zkee.com
2023-04-06 13:02:49,338 INFO scheduler Scheduled Job Complete: frappe.website.doctype.web_page.web_page.check_publish_status for zkee.com
2023-04-06 13:02:49,453 INFO scheduler Scheduled Job Start: frappe.oauth.delete_oauth2_data for zkee.com
2023-04-06 13:02:49,934 INFO scheduler Scheduled Job Complete: frappe.oauth.delete_oauth2_data for zkee.com
2023-04-06 13:02:50,050 INFO scheduler Scheduled Job Start: erpnext.stock.doctype.repost_item_valuation.repost_item_valuation.repost_entries for zkee.com
2023-04-06 13:02:50,401 INFO scheduler Scheduled Job Complete: erpnext.stock.doctype.repost_item_valuation.repost_item_valuation.repost_entries for zkee.com
2023-04-06 13:02:50,509 INFO scheduler Scheduled Job Start: erpnext.accounts.doctype.subscription.subscription.process_all for zkee.com
2023-04-06 13:02:50,879 INFO scheduler Scheduled Job Complete: erpnext.accounts.doctype.subscription.subscription.process_all for zkee.com
2023-04-06 13:03:34,618 DEBUG scheduler Queued events for site zkee.com
2023-04-06 13:04:34,884 INFO scheduler Scheduled Job Start: erpnext.crm.doctype.social_media_post.social_media_post.process_scheduled_social_media_posts for zkee.com
2023-04-06 13:04:34,967 DEBUG scheduler Queued events for site zkee.com
2023-04-06 13:04:35,162 INFO scheduler Scheduled Job Complete: erpnext.crm.doctype.social_media_post.social_media_post.process_scheduled_social_media_posts for zkee.com
2023-04-06 13:04:35,233 INFO scheduler Scheduled Job Start: erpnext.hr.doctype.interview.interview.send_interview_reminder for zkee.com
2023-04-06 13:04:35,463 INFO scheduler Scheduled Job Complete: erpnext.hr.doctype.interview.interview.send_interview_reminder for zkee.com
2023-04-06 13:04:35,584 INFO scheduler Scheduled Job Start: erpnext.healthcare.doctype.patient_appointment.patient_appointment.send_appointment_reminder for zkee.com
2023-04-06 13:04:35,765 INFO scheduler Scheduled Job Complete: erpnext.healthcare.doctype.patient_appointment.patient_appointment.send_appointment_reminder for zkee.com
2023-04-06 13:04:35,852 INFO scheduler Scheduled Job Start: erpnext.projects.doctype.project.project.project_status_update_reminder for zkee.com
2023-04-06 13:04:36,140 INFO scheduler Scheduled Job Complete: erpnext.projects.doctype.project.project.project_status_update_reminder for zkee.com
2023-04-06 13:04:36,208 INFO scheduler Scheduled Job Start: frappe.monitor.flush for zkee.com
2023-04-06 13:04:36,383 INFO scheduler Scheduled Job Complete: frappe.monitor.flush for zkee.com
2023-04-06 13:04:36,448 INFO scheduler Scheduled Job Start: frappe.utils.global_search.sync_global_search for zkee.com
2023-04-06 13:04:36,688 INFO scheduler Scheduled Job Complete: frappe.utils.global_search.sync_global_search for zkee.com
2023-04-06 13:04:36,766 INFO scheduler Scheduled Job Start: frappe.integrations.doctype.razorpay_settings.razorpay_settings.capture_payment for zkee.com
2023-04-06 13:04:36,981 INFO scheduler Scheduled Job Complete: frappe.integrations.doctype.razorpay_settings.razorpay_settings.capture_payment for zkee.com
2023-04-06 13:04:37,057 INFO scheduler Scheduled Job Start: frappe.email.doctype.email_account.email_account.notify_unreplied for zkee.com
2023-04-06 13:04:37,295 INFO scheduler Scheduled Job Complete: frappe.email.doctype.email_account.email_account.notify_unreplied for zkee.com
2023-04-06 13:04:37,365 INFO scheduler Scheduled Job Start: frappe.email.doctype.email_account.email_account.pull for zkee.com
2023-04-06 13:04:37,661 INFO scheduler Scheduled Job Complete: frappe.email.doctype.email_account.email_account.pull for zkee.com
2023-04-06 13:04:37,732 INFO scheduler Scheduled Job Start: frappe.email.queue.flush for zkee.com
2023-04-06 13:04:37,930 INFO scheduler Scheduled Job Complete: frappe.email.queue.flush for zkee.com
